2021/07/11 17:03:29 {"callers":["/home/yxg1994/workspace/src/ttdtz-server/main.go: 23 main.init.0"],"level":"info","message":"eddycjy: ttdtz-server/ttdtz-server","time":1625994209379161975}
2021/07/11 22:07:07 {"callers":["/home/yxg1994/workspace/src/ttdtz-server/main.go: 23 main.init.0"],"level":"info","message":"eddycjy: ttdtz-server/ttdtz-server","time":1626012427947484097}
2021/07/11 22:13:13 {"callers":["/home/yxg1994/workspace/src/ttdtz-server/main.go: 23 main.init.0"],"level":"info","message":"eddycjy: ttdtz-server/ttdtz-server","time":1626012793702410570}
2021/07/11 22:14:45 {"callers":["/home/yxg1994/workspace/src/ttdtz-server/main.go: 23 main.init.0"],"level":"info","message":"eddycjy: ttdtz-server/ttdtz-server","time":1626012885914738118}
2021/07/11 22:14:54 {"callers":["/home/yxg1994/workspace/src/ttdtz-server/main.go: 23 main.init.0"],"level":"info","message":"login req = {Cmd:1000 Params:{OpenId: Type: Password: Channel:}}","time":1626012894318009244}
2021/07/11 22:16:29 {"callers":["/home/yxg1994/workspace/src/ttdtz-server/main.go: 23 main.init.0"],"level":"info","message":"eddycjy: ttdtz-server/ttdtz-server","time":1626012989297452906}
2021/07/11 22:16:36 {"callers":["/home/yxg1994/workspace/src/ttdtz-server/main.go: 23 main.init.0"],"level":"fatal","message":"login req = %+v{1000 {   }}","time":1626012996445126678}
2021/07/11 22:18:04 {"callers":["/home/yxg1994/workspace/src/ttdtz-server/main.go: 23 main.init.0"],"level":"info","message":"eddycjy: ttdtz-server/ttdtz-server","time":1626013084274369243}
2021/07/11 22:18:10 {"callers":["/home/yxg1994/workspace/src/ttdtz-server/main.go: 23 main.init.0"],"level":"info","message":"login req = {Cmd:1000 Params:{OpenId: Type: Password: Channel:}}","time":1626013090627287415}
2021/07/11 22:21:14 {"callers":["/home/yxg1994/workspace/src/ttdtz-server/main.go: 23 main.init.0"],"level":"info","message":"login req = {Cmd:0 Params:{OpenId: Type: Password: Channel:}}","time":1626013274933793417}
2021/07/11 22:25:18 {"callers":["/home/yxg1994/workspace/src/ttdtz-server/main.go: 23 main.init.0"],"level":"info","message":"login req = {Cmd:1000 Params:{OpenId:1 Type:2 Password:3 Channel:4}}","time":1626013518340474847}
2021/07/12 10:53:42 {"callers":["/home/yxg1994/workspace/src/ttdtz-server/main.go: 23 main.init.0"],"level":"info","message":"eddycjy: ttdtz-server/ttdtz-server","time":1626058422126205200}
2021/07/12 10:53:48 {"callers":["/home/yxg1994/workspace/src/ttdtz-server/main.go: 23 main.init.0"],"level":"info","message":"login req = {Cmd:1000 Params:{OpenId:1 Type:2 Password:3 Channel:4}}","time":1626058428412225742}
2021/07/12 10:53:48 {"callers":["/home/yxg1994/workspace/src/ttdtz-server/main.go: 23 main.init.0"],"level":"error","message":"Error 1292: Incorrect datetime value: '0000-00-00' for column 'login_at' at row 1","time":1626058428491705928}
2021/07/12 11:04:14 {"callers":["/home/yxg1994/workspace/src/ttdtz-server/main.go: 23 main.init.0"],"level":"info","message":"login req = {Cmd:1000 Params:{OpenId:1 Type:2 Password:3 Channel:4}}","time":1626059054532473243}
2021/07/12 11:04:14 {"callers":["/home/yxg1994/workspace/src/ttdtz-server/main.go: 23 main.init.0"],"level":"error","message":"Error 1292: Incorrect datetime value: '0000-00-00' for column 'login_at' at row 1","time":1626059054534940520}
2021/07/12 11:04:42 {"callers":["/home/yxg1994/workspace/src/ttdtz-server/main.go: 23 main.init.0"],"level":"info","message":"eddycjy: ttdtz-server/ttdtz-server","time":1626059082512324310}
2021/07/12 11:05:29 {"callers":["/home/yxg1994/workspace/src/ttdtz-server/main.go: 23 main.init.0"],"level":"info","message":"login req = {Cmd:1000 Params:{OpenId:1 Type:2 Password:3 Channel:4}}","time":1626059129080202787}
2021/07/12 11:05:50 {"callers":["/home/yxg1994/workspace/src/ttdtz-server/main.go: 23 main.init.0"],"level":"info","message":"login req = {Cmd:1000 Params:{OpenId:1 Type:2 Password:3 Channel:4}}","time":1626059150551381579}
2021/07/12 12:04:48 {"callers":["/home/yxg1994/workspace/src/ttdtz-server/main.go: 23 main.init.0"],"level":"info","message":"eddycjy: ttdtz-server/ttdtz-server","time":1626062688248932607}
2021/07/12 12:09:15 {"callers":["/home/yxg1994/workspace/src/ttdtz-server/main.go: 23 main.init.0"],"level":"info","message":"eddycjy: ttdtz-server/ttdtz-server","time":1626062955350372979}
2021/07/12 12:09:53 {"callers":["/home/yxg1994/workspace/src/ttdtz-server/main.go: 23 main.init.0"],"level":"info","message":"login req = {Cmd:1000 Params:{OpenId:1 Type:2 Password:3 Channel:4}}","time":1626062993848515676}
2021/07/12 12:09:58 {"callers":["/home/yxg1994/workspace/src/ttdtz-server/main.go: 23 main.init.0"],"level":"error","message":"Error 1062: Duplicate entry '1-0' for key 'PRIMARY'","time":1626062998958011054}
2021/07/12 12:13:30 {"callers":["/home/yxg1994/workspace/src/ttdtz-server/main.go: 23 main.init.0"],"level":"info","message":"eddycjy: ttdtz-server/ttdtz-server","time":1626063210466048374}
2021/07/12 12:13:37 {"callers":["/home/yxg1994/workspace/src/ttdtz-server/main.go: 23 main.init.0"],"level":"info","message":"login req = {Cmd:1000 Params:{OpenId:1 Type:2 Password:3 Channel:4}}","time":1626063217421804906}
2021/07/12 12:13:42 {"callers":["/home/yxg1994/workspace/src/ttdtz-server/main.go: 23 main.init.0"],"level":"info","message":"wx login data: {Errcode:40029 Openid: SessionKey:}","time":1626063222535462318}
2021/07/12 12:13:42 {"callers":["/home/yxg1994/workspace/src/ttdtz-server/main.go: 23 main.init.0"],"level":"error","message":"Error 1062: Duplicate entry '1-0' for key 'PRIMARY'","time":1626063222537767429}
2021/07/12 14:35:25 {"callers":["/home/yxg1994/workspace/src/ttdtz-server/main.go: 24 main.init.0"],"level":"info","message":"eddycjy: ttdtz-server/ttdtz-server","time":1626071725823126882}
2021/07/12 14:36:23 {"callers":["/home/yxg1994/workspace/src/ttdtz-server/main.go: 24 main.init.0"],"level":"info","message":"eddycjy: ttdtz-server/ttdtz-server","time":1626071783404659897}
2021/07/12 14:50:15 {"callers":["/home/yxg1994/workspace/src/ttdtz-server/main.go: 24 main.init.0"],"level":"info","message":"eddycjy: ttdtz-server/ttdtz-server","time":1626072615408275570}
2021/07/12 14:52:08 {"callers":["/home/yxg1994/workspace/src/ttdtz-server/main.go: 24 main.init.0"],"level":"info","message":"login req = {Cmd:1000 Params:{OpenId:1 Type:2 Password:3 Channel:4}}","time":1626072728487435210}
2021/07/12 14:52:32 {"callers":["/home/yxg1994/workspace/src/ttdtz-server/main.go: 24 main.init.0"],"level":"info","message":"login req = {Cmd:1000 Params:{OpenId:2 Type:2 Password:3 Channel:4}}","time":1626072752881896881}
2021/07/12 14:53:23 {"callers":["/home/yxg1994/workspace/src/ttdtz-server/main.go: 24 main.init.0"],"level":"info","message":"login req = {Cmd:1000 Params:{OpenId:3 Type:2 Password:3 Channel:4}}","time":1626072803545487483}
2021/07/12 14:53:28 {"callers":["/home/yxg1994/workspace/src/ttdtz-server/main.go: 24 main.init.0"],"level":"info","message":"wx login data: {Errcode:40029 Openid: SessionKey:}","time":1626072808774864941}
2021/07/12 14:54:29 {"callers":["/home/yxg1994/workspace/src/ttdtz-server/main.go: 24 main.init.0"],"level":"info","message":"eddycjy: ttdtz-server/ttdtz-server","time":1626072869282987886}
2021/07/12 15:18:14 {"callers":["/home/yxg1994/workspace/src/ttdtz-server/main.go: 24 main.init.0"],"level":"info","message":"eddycjy: ttdtz-server/ttdtz-server","time":1626074294428692302}
2021/07/12 15:19:00 {"callers":["/home/yxg1994/workspace/src/ttdtz-server/main.go: 24 main.init.0"],"level":"info","message":"login req = {Cmd:1000 Params:{OpenId:1 Type:2 Password:3 Channel:4}}","time":1626074340038007549}
2021/07/12 15:19:59 {"callers":["/home/yxg1994/workspace/src/ttdtz-server/main.go: 24 main.init.0"],"level":"info","message":"login req = {Cmd:1000 Params:{OpenId:1 Type:2 Password:3 Channel:4}}","time":1626074399004723105}
2021/07/12 15:21:46 {"callers":["/home/yxg1994/workspace/src/ttdtz-server/main.go: 24 main.init.0"],"level":"info","message":"eddycjy: ttdtz-server/ttdtz-server","time":1626074506109518812}
2021/07/12 15:22:58 {"callers":["/home/yxg1994/workspace/src/ttdtz-server/main.go: 24 main.init.0"],"level":"info","message":"login req = {Cmd:0 Params:{OpenId: Type: Password: Channel:}}","time":1626074578384226611}
2021/07/12 15:23:19 {"callers":["/home/yxg1994/workspace/src/ttdtz-server/main.go: 24 main.init.0"],"level":"info","message":"login req = {Cmd:0 Params:{OpenId: Type: Password: Channel:}}","time":1626074599714087295}
2021/07/12 15:23:34 {"callers":["/home/yxg1994/workspace/src/ttdtz-server/main.go: 24 main.init.0"],"level":"info","message":"eddycjy: ttdtz-server/ttdtz-server","time":1626074614201601934}
2021/07/12 15:32:59 {"callers":["/home/yxg1994/workspace/src/ttdtz-server/main.go: 24 main.init.0"],"level":"info","message":"login req = {Cmd:0 Params:{OpenId: Type: Password: Channel:}}","time":1626075179447149554}
2021/07/12 15:33:00 {"callers":["/home/yxg1994/workspace/src/ttdtz-server/main.go: 24 main.init.0"],"level":"info","message":"login req = {Cmd:0 Params:{OpenId: Type: Password: Channel:}}","time":1626075180405827740}
2021/07/12 15:33:00 {"callers":["/home/yxg1994/workspace/src/ttdtz-server/main.go: 24 main.init.0"],"level":"info","message":"login req = {Cmd:0 Params:{OpenId: Type: Password: Channel:}}","time":1626075180621706664}
2021/07/12 15:43:46 {"callers":["/home/yxg1994/workspace/src/ttdtz-server/main.go: 24 main.init.0"],"level":"info","message":"eddycjy: ttdtz-server/ttdtz-server","time":1626075826524117467}
2021/07/12 15:44:01 {"callers":["/home/yxg1994/workspace/src/ttdtz-server/main.go: 24 main.init.0"],"level":"info","message":"login req = {Cmd:0 Params:{OpenId: Type: Password: Channel:}}","time":1626075841950324041}
2021/07/12 15:44:05 {"callers":["/home/yxg1994/workspace/src/ttdtz-server/main.go: 24 main.init.0"],"level":"info","message":"login req = {Cmd:0 Params:{OpenId: Type: Password: Channel:}}","time":1626075845248764943}
2021/07/12 15:52:52 {"callers":["/home/yxg1994/workspace/src/ttdtz-server/main.go: 24 main.init.0"],"level":"info","message":"login req = {Cmd:0 Params:{OpenId: Type: Password: Channel:}}","time":1626076372044930505}
2021/07/12 15:52:53 {"callers":["/home/yxg1994/workspace/src/ttdtz-server/main.go: 24 main.init.0"],"level":"info","message":"login req = {Cmd:0 Params:{OpenId: Type: Password: Channel:}}","time":1626076373305395599}
2021/07/12 15:53:02 {"callers":["/home/yxg1994/workspace/src/ttdtz-server/main.go: 24 main.init.0"],"level":"info","message":"eddycjy: ttdtz-server/ttdtz-server","time":1626076382826348016}
2021/07/12 15:53:05 {"callers":["/home/yxg1994/workspace/src/ttdtz-server/main.go: 24 main.init.0"],"level":"info","message":"login req = {Cmd:0 Params:{OpenId: Type: Password: Channel:}}","time":1626076385833340845}
2021/07/12 16:22:31 {"callers":["/home/yxg1994/workspace/src/ttdtz-server/main.go: 24 main.init.0"],"level":"info","message":"login req = {Cmd:0 Params:{OpenId: Type: Password: Channel:}}","time":1626078151087256743}
2021/07/14 15:05:20 {"callers":["/home/yxg1994/workspace/src/ttdtz-server/main.go: 23 main.init.0"],"level":"info","message":"eddycjy: ttdtz-server/ttdtz-server","time":1626246320634544971}
2021/07/14 15:16:41 {"callers":["/home/yxg1994/workspace/src/ttdtz-server/main.go: 24 main.init.0"],"level":"info","message":"eddycjy: ttdtz-server/ttdtz-server","time":1626247001010644825}
2021/07/14 15:17:02 {"callers":["/home/yxg1994/workspace/src/ttdtz-server/main.go: 24 main.init.0"],"level":"info","message":"login req = {Cmd:0 Params:{OpenId: Type: Password: Channel:}}","time":1626247022579335188}
2021/07/14 15:50:24 {"callers":["/home/yxg1994/workspace/src/ttdtz-server/main.go: 24 main.init.0"],"level":"info","message":"login req = {Cmd:0 Params:{OpenId: Type: Password: Channel:}}","time":1626249024445866983}
2021/07/14 15:51:40 {"callers":["/home/yxg1994/workspace/src/ttdtz-server/main.go: 24 main.init.0"],"level":"info","message":"eddycjy: ttdtz-server/ttdtz-server","time":1626249100737035572}
2021/07/14 15:52:13 {"callers":["/home/yxg1994/workspace/src/ttdtz-server/main.go: 24 main.init.0"],"level":"info","message":"login req = {Cmd:1000 Params:{OpenId:1 Type:2 Password:3 Channel:4}}","time":1626249133591318143}
2021/07/14 15:52:53 {"callers":["/home/yxg1994/workspace/src/ttdtz-server/main.go: 24 main.init.0"],"level":"info","message":"login req = {Cmd:1000 Params:{OpenId:4 Type:2 Password:3 Channel:4}}","time":1626249173215680524}
2021/07/14 15:52:53 {"callers":["/home/yxg1994/workspace/src/ttdtz-server/main.go: 24 main.init.0"],"level":"error","message":"Error 1292: Incorrect datetime value: '0000-00-00' for column 'login_at' at row 1","time":1626249173339557160}
2021/07/14 15:54:15 {"callers":["/home/yxg1994/workspace/src/ttdtz-server/main.go: 24 main.init.0"],"level":"info","message":"login req = {Cmd:1000 Params:{OpenId:4 Type:2 Password:3 Channel:4}}","time":1626249255792635271}
2021/07/14 16:00:42 {"callers":["/home/yxg1994/workspace/src/ttdtz-server/main.go: 24 main.init.0"],"level":"info","message":"login req = {Cmd:1000 Params:{OpenId:1 Type:2 Password:3 Channel:4}}","time":1626249642705734994}
2021/07/14 16:00:42 {"callers":["/home/yxg1994/workspace/src/ttdtz-server/main.go: 24 main.init.0"],"level":"error","message":"Error 1292: Incorrect datetime value: '0000-00-00' for column 'login_at' at row 1","time":1626249642710000974}
2021/07/14 16:01:15 {"callers":["/home/yxg1994/workspace/src/ttdtz-server/main.go: 24 main.init.0"],"level":"info","message":"eddycjy: ttdtz-server/ttdtz-server","time":1626249675912974839}
2021/07/14 16:01:20 {"callers":["/home/yxg1994/workspace/src/ttdtz-server/main.go: 24 main.init.0"],"level":"info","message":"login req = {Cmd:1000 Params:{OpenId:1 Type:2 Password:3 Channel:4}}","time":1626249680248548259}
2021/07/14 16:02:00 {"callers":["/home/yxg1994/workspace/src/ttdtz-server/main.go: 24 main.init.0"],"level":"info","message":"login req = {Cmd:1000 Params:{OpenId:2 Type:2 Password:3 Channel:4}}","time":1626249720697612876}
2021/07/14 16:02:03 {"callers":["/home/yxg1994/workspace/src/ttdtz-server/main.go: 24 main.init.0"],"level":"info","message":"login req = {Cmd:1000 Params:{OpenId:2 Type:2 Password:3 Channel:4}}","time":1626249723593470958}
2021/07/14 18:55:15 {"callers":["/home/yxg1994/workspace/src/ttdtz-server/main.go: 24 main.init.0"],"level":"info","message":"eddycjy: ttdtz-server/ttdtz-server","time":1626260115186283871}
2021/07/14 18:55:39 {"callers":["/home/yxg1994/workspace/src/ttdtz-server/main.go: 24 main.init.0"],"level":"info","message":"login req = {Cmd:1000 Params:{OpenId:2 Type:2 Password:3 Channel:4}}","time":1626260139097162989}
2021/07/14 18:56:21 {"callers":["/home/yxg1994/workspace/src/ttdtz-server/main.go: 24 main.init.0"],"level":"info","message":"login req = {Cmd:1000 Params:{OpenId:1 Type:2 Password:3 Channel:4}}","time":1626260181193421602}
2021/07/14 18:56:43 {"callers":["/home/yxg1994/workspace/src/ttdtz-server/main.go: 24 main.init.0"],"level":"info","message":"login req = {Cmd:1000 Params:{OpenId:1 Type:2 Password:3 Channel:4}}","time":1626260203900097604}
2021/07/14 18:59:05 {"callers":["/home/yxg1994/workspace/src/ttdtz-server/main.go: 24 main.init.0"],"level":"info","message":"eddycjy: ttdtz-server/ttdtz-server","time":1626260345026002077}
2021/07/14 19:39:14 {"callers":["/home/yxg1994/workspace/src/ttdtz-server/main.go: 24 main.init.0"],"level":"info","message":"eddycjy: ttdtz-server/ttdtz-server","time":1626262754579108214}
2021/07/14 20:05:44 {"callers":["/home/yxg1994/workspace/src/ttdtz-server/main.go: 24 main.init.0"],"level":"info","message":"login req = {Cmd:1000 Params:{OpenId:1 Type:2 Password:3 Channel:4}}","time":1626264344142956173}
2021/07/14 20:22:19 {"callers":["/home/yxg1994/workspace/src/ttdtz-server/main.go: 24 main.init.0"],"level":"info","message":"eddycjy: ttdtz-server/ttdtz-server","time":1626265339793243979}
2021/07/15 09:34:34 {"callers":["/home/yxg1994/workspace/src/ttdtz-server/main.go: 24 main.init.0"],"level":"info","message":"eddycjy: ttdtz-server/ttdtz-server","time":1626312874183671441}
2021/07/15 09:44:26 {"callers":["/home/yxg1994/workspace/src/ttdtz-server/main.go: 24 main.init.0"],"level":"info","message":"eddycjy: ttdtz-server/ttdtz-server","time":1626313466130576050}
2021/07/15 09:55:30 {"callers":["/home/yxg1994/workspace/src/ttdtz-server/main.go: 24 main.init.0"],"level":"info","message":"eddycjy: ttdtz-server/ttdtz-server","time":1626314130989949281}
2021/07/15 10:31:45 {"callers":["/home/yxg1994/workspace/src/ttdtz-server/main.go: 24 main.init.0"],"level":"info","message":"eddycjy: ttdtz-server/ttdtz-server","time":1626316305507300588}
2021/07/15 11:38:56 {"callers":["/home/yxg1994/workspace/src/ttdtz-server/main.go: 24 main.init.0"],"level":"info","message":"eddycjy: ttdtz-server/ttdtz-server","time":1626320336971951252}
2021/07/15 11:53:31 {"callers":["/home/yxg1994/workspace/src/ttdtz-server/main.go: 24 main.init.0"],"level":"info","message":"login req = {Cmd:1000 Params:{OpenId:1 Type:2 Password:3 Channel:4}}","time":1626321211781004046}
2021/07/15 12:41:39 {"callers":["/home/yxg1994/workspace/src/ttdtz-server/main.go: 24 main.init.0"],"level":"info","message":"eddycjy: ttdtz-server/ttdtz-server","time":1626324099849236775}
2021/07/15 12:50:23 {"callers":["/home/yxg1994/workspace/src/ttdtz-server/main.go: 24 main.init.0"],"level":"info","message":"eddycjy: ttdtz-server/ttdtz-server","time":1626324623620288094}
2021/07/15 12:50:45 {"callers":["/home/yxg1994/workspace/src/ttdtz-server/main.go: 24 main.init.0"],"level":"info","message":"eddycjy: ttdtz-server/ttdtz-server","time":1626324645367427310}
